2025-07-11 17:46:53,890 [INFO] Starting main function
2025-07-11 17:46:53,890 [DEBUG] Starting new HTTPS connection (1): jsonplaceholder.typicode.com:443
2025-07-11 17:46:54,193 [DEBUG] https://jsonplaceholder.typicode.com:443 "GET /posts HTTP/1.1" 200 None
2025-07-11 17:46:54,193 [INFO] Status code: 200
2025-07-11 17:46:54,193 [INFO] Success! Saving content to data folder.
2025-07-11 17:58:56,756 [INFO] Starting main function
2025-07-11 17:58:56,756 [INFO] Fetching data from API...
2025-07-11 17:58:56,758 [DEBUG] Starting new HTTPS connection (1): jsonplaceholder.typicode.com:443
2025-07-11 17:58:56,971 [DEBUG] https://jsonplaceholder.typicode.com:443 "GET /posts HTTP/1.1" 200 None
2025-07-11 17:58:56,987 [INFO] Status code: 200
2025-07-11 17:58:56,996 [INFO] Success! Saving content to data folder.
2025-07-11 17:58:56,996 [INFO] Reading CSV file: data/sample_data.csv
2025-07-11 17:58:57,000 [INFO] CSV data:
    name state  score
0  Alice    MN     85
1    Bob    MO     90
2   Cara    IA     95
2025-07-11 17:58:57,010 [INFO] CSV summary:
         name state  score
count       3     3    3.0
unique      3     3    NaN
top     Alice    MN    NaN
freq        1     1    NaN
mean      NaN   NaN   90.0
std       NaN   NaN    5.0
min       NaN   NaN   85.0
25%       NaN   NaN   87.5
50%       NaN   NaN   90.0
75%       NaN   NaN   92.5
max       NaN   NaN   95.0
2025-07-11 17:58:57,010 [INFO] Reading Excel file: data/scores.xlsx
2025-07-11 17:58:57,011 [ERROR] Error reading Excel file: Missing optional dependency 'openpyxl'.  Use pip or conda to install openpyxl.
2025-07-11 17:58:57,011 [INFO] Reading JSON file: data/sample.json
2025-07-11 17:58:57,011 [INFO] JSON data:
[{'name': 'Dog', 'type': 'Mammal'}, {'name': 'Cat', 'type': 'Mammal'}, {'name': 'Parrot', 'type': 'Bird'}]
2025-07-11 17:58:57,011 [INFO] Number of records: 3
2025-07-11 17:58:57,011 [INFO] Reading text file: data/story.txt
2025-07-11 17:58:57,011 [INFO] Line count: 0
2025-07-11 17:58:57,011 [INFO] All processing complete
2025-07-11 18:00:11,835 [INFO] Starting main function
2025-07-11 18:00:11,835 [INFO] Fetching data from API...
2025-07-11 18:00:11,835 [DEBUG] Starting new HTTPS connection (1): jsonplaceholder.typicode.com:443
2025-07-11 18:00:12,387 [DEBUG] https://jsonplaceholder.typicode.com:443 "GET /posts HTTP/1.1" 200 None
2025-07-11 18:00:12,388 [INFO] Status code: 200
2025-07-11 18:00:12,392 [INFO] Success! Saving content to data folder.
2025-07-11 18:00:12,393 [INFO] Reading CSV file: data/sample_data.csv
2025-07-11 18:00:12,415 [INFO] CSV data:
    name state  score
0  Alice    MN     85
1    Bob    MO     90
2   Cara    IA     95
2025-07-11 18:00:12,445 [INFO] CSV summary:
         name state  score
count       3     3    3.0
unique      3     3    NaN
top     Alice    MN    NaN
freq        1     1    NaN
mean      NaN   NaN   90.0
std       NaN   NaN    5.0
min       NaN   NaN   85.0
25%       NaN   NaN   87.5
50%       NaN   NaN   90.0
75%       NaN   NaN   92.5
max       NaN   NaN   95.0
2025-07-11 18:00:12,446 [INFO] Reading Excel file: data/scores.xlsx
2025-07-11 18:00:13,137 [INFO] Excel data:
  Student  Score
0    John     78
1    Jane     88
2    Jack     95
2025-07-11 18:00:13,137 [INFO] Excel summary:
           Score
count   3.000000
mean   87.000000
std     8.544004
min    78.000000
25%    83.000000
50%    88.000000
75%    91.500000
max    95.000000
2025-07-11 18:00:13,137 [INFO] Reading JSON file: data/sample.json
2025-07-11 18:00:13,137 [INFO] JSON data:
[{'name': 'Dog', 'type': 'Mammal'}, {'name': 'Cat', 'type': 'Mammal'}, {'name': 'Parrot', 'type': 'Bird'}]
2025-07-11 18:00:13,137 [INFO] Number of records: 3
2025-07-11 18:00:13,137 [INFO] Reading text file: data/story.txt
2025-07-11 18:00:13,137 [INFO] Line count: 0
2025-07-11 18:00:13,137 [INFO] All processing complete
2025-07-11 18:00:38,002 [INFO] Starting main function
2025-07-11 18:00:38,002 [INFO] Fetching data from API...
2025-07-11 18:00:38,018 [DEBUG] Starting new HTTPS connection (1): jsonplaceholder.typicode.com:443
2025-07-11 18:00:38,725 [DEBUG] https://jsonplaceholder.typicode.com:443 "GET /posts HTTP/1.1" 200 None
2025-07-11 18:00:38,727 [INFO] Status code: 200
2025-07-11 18:00:38,730 [INFO] Success! Saving content to data folder.
2025-07-11 18:00:38,730 [INFO] Reading CSV file: data/sample_data.csv
2025-07-11 18:00:38,738 [INFO] CSV data:
    name state  score
0  Alice    MN     85
1    Bob    MO     90
2   Cara    IA     95
2025-07-11 18:00:38,745 [INFO] CSV summary:
         name state  score
count       3     3    3.0
unique      3     3    NaN
top     Alice    MN    NaN
freq        1     1    NaN
mean      NaN   NaN   90.0
std       NaN   NaN    5.0
min       NaN   NaN   85.0
25%       NaN   NaN   87.5
50%       NaN   NaN   90.0
75%       NaN   NaN   92.5
max       NaN   NaN   95.0
2025-07-11 18:00:38,745 [INFO] Reading Excel file: data/scores.xlsx
2025-07-11 18:00:38,841 [INFO] Excel data:
  Student  Score
0    John     78
1    Jane     88
2    Jack     95
2025-07-11 18:00:38,841 [INFO] Excel summary:
           Score
count   3.000000
mean   87.000000
std     8.544004
min    78.000000
25%    83.000000
50%    88.000000
75%    91.500000
max    95.000000
2025-07-11 18:00:38,857 [INFO] Reading JSON file: data/sample.json
2025-07-11 18:00:38,859 [INFO] JSON data:
[{'name': 'Dog', 'type': 'Mammal'}, {'name': 'Cat', 'type': 'Mammal'}, {'name': 'Parrot', 'type': 'Bird'}]
2025-07-11 18:00:38,859 [INFO] Number of records: 3
2025-07-11 18:00:38,860 [INFO] Reading text file: data/story.txt
2025-07-11 18:00:38,860 [INFO] Line count: 6
2025-07-11 18:00:38,861 [INFO] Line 1: Python is fun.
2025-07-11 18:00:38,861 [INFO] Line 2: Data analysis is powerful.
2025-07-11 18:00:38,861 [INFO] Line 3: Let's learn something new today.
2025-07-11 18:00:38,861 [INFO] Line 4: Once upon a time in Minnesota, Alice scored 85 on her final.
2025-07-11 18:00:38,862 [INFO] Line 5: Bob, from Missouri, got 90 and was thrilled.
2025-07-11 18:00:38,862 [INFO] Line 6: Cara in Iowa topped them all with a 95.
2025-07-11 18:00:38,862 [INFO] All processing complete
